20:22:28.195 [main] INFO  - **** TC_1_01_ParsingRequiredValuesToTheRespectiveFields Started ****
20:22:29.810 [main] INFO  - **** TC_1_01_ParsingRequiredValuesToTheRespectiveFields Ended ****
20:22:29.991 [main] INFO  - **** TC_1_02_DisplayingTheEMIPaymentTable Started ****
20:22:31.649 [main] INFO  - **** TC_1_02_DisplayingTheEMIPaymentTable Ended ****
20:22:31.778 [main] INFO  - **** TC_2_01_StoringTheYearTableInTheExcel Started ****
20:22:39.156 [main] INFO  - **** TC_2_01_StoringTheYearTableInTheExcel Ended ****
20:22:39.268 [main] INFO  - **** TC_3_01_EMICalculator_ValidatingLoanAmountTextBox Started ****
20:22:40.016 [main] INFO  - **** TC_3_01_EMICalculator_ValidatingLoanAmountTextBox Ended ****
20:22:40.169 [main] INFO  - **** TC_3_02_EMICalculator_ValidatingLoanAmountSlider Started ****
20:22:40.832 [main] INFO  - **** TC_3_02_EMICalculator_ValidatingLoanAmountSlider Ended ****
20:22:40.990 [main] INFO  - **** TC_3_03_EMICalculator_IntegressionTestingForLoanAmountTextBoxAndSlider Started ****
20:22:42.597 [main] INFO  - **** TC_3_03_EMICalculator_IntegressionTestingForLoanAmountTextBoxAndSlider Ended ****
20:22:42.747 [main] INFO  - **** TC_3_04_EMICalculator_ValidatingInterestRateTextBox Started ****
20:22:43.371 [main] INFO  - **** TC_3_04_EMICalculator_ValidatingInterestRateTextBox Ended ****
20:22:43.527 [main] INFO  - **** TC_3_05_EMICalculator_ValidatingInterestRateSlider Started ****
20:22:44.202 [main] INFO  - **** TC_3_05_EMICalculator_ValidatingInterestRateSlider Ended ****
20:22:44.358 [main] INFO  - **** TC_3_06_EMICalculator_IntegressionTestingForInterestRateTextBoxAndSlider Started ****
20:22:45.973 [main] INFO  - **** TC_3_06_EMICalculator_IntegressionTestingForInterestRateTextBoxAndSlider Ended ****
20:22:46.125 [main] INFO  - **** TC_3_07_EMICalculator_ValidatingLoanTenureTextBox Started ****
20:22:46.734 [main] INFO  - **** TC_3_07_EMICalculator_ValidatingLoanTenureTextBox Ended ****
20:22:46.911 [main] INFO  - **** TC_3_08_EMICalculator_ValidatingLoanTenureSlider Started ****
20:22:47.575 [main] INFO  - **** TC_3_08_EMICalculator_ValidatingLoanTenureSlider Ended ****
20:22:47.715 [main] INFO  - **** TC_3_09_EMICalculator_IntegressionTestingForLoanTenureTextBoxAndSlider Started ****
20:22:49.291 [main] INFO  - **** TC_3_09_EMICalculator_IntegressionTestingForLoanTenureTextBoxAndSlider Ended ****
20:22:49.437 [main] INFO  - **** TC_3_10_EMICalculator_ValidatingFeesAndChargesTextBox Started ****
20:22:50.112 [main] INFO  - **** TC_3_10_EMICalculator_ValidatingFeesAndChargesTextBox Ended ****
20:22:50.252 [main] INFO  - **** TC_3_11_EMICalculator_ValidatingFeesAndChargesSlider Started ****
20:22:50.831 [main] INFO  - **** TC_3_11_EMICalculator_ValidatingFeesAndChargesSlider Ended ****
20:22:50.991 [main] INFO  - **** TC_3_12_EMICalculator_IntegressionTestingForFeesAndChargesTextBoxAndSlider Started ****
20:22:52.498 [main] INFO  - **** TC_3_12_EMICalculator_IntegressionTestingForFeesAndChargesTextBoxAndSlider Ended ****
20:22:52.647 [main] INFO  - **** TC_3_13_LoanAmtCalculator_ValidatingEMITextBox Started ****
20:22:53.465 [main] INFO  - **** TC_3_13_LoanAmtCalculator_ValidatingEMITextBox Ended ****
20:22:53.617 [main] INFO  - **** TC_3_14_LoanAmtCalculator_ValidatingEMISlider Started ****
20:22:54.460 [main] INFO  - **** TC_3_14_LoanAmtCalculator_ValidatingEMISlider Ended ****
20:22:54.615 [main] INFO  - **** TC_3_15_LoanAmtCalculator_IntegressionTestingForEMITextBoxAndSlider Started ****
20:22:56.434 [main] ERROR - TC_3_15 got failed, Integration Testing for EMI Text Box and slider was not successful
20:22:56.583 [main] INFO  - **** TC_3_16_LoanAmtCalculator_ValidatingInterestRateTextBox Started ****
20:22:57.346 [main] INFO  - **** TC_3_16_LoanAmtCalculator_ValidatingInterestRateTextBox Ended ****
20:22:57.547 [main] INFO  - **** TC_3_17_LoanAmtCalculator_ValidatingInterestRateSlider Started ****
20:22:58.431 [main] INFO  - **** TC_3_17_LoanAmtCalculator_ValidatingInterestRateSlider Ended ****
20:22:58.593 [main] INFO  - **** TC_3_18_LoanAmtCalculator_IntegressionTestingForInterestRateTextBoxAndSlider Started ****
20:23:00.421 [main] INFO  - **** TC_3_18_LoanAmtCalculator_IntegressionTestingForInterestRateTextBoxAndSlider Ended ****
20:23:00.574 [main] INFO  - **** TC_3_19_LoanAmtCalculator_ValidatingLoanTenureTextBox Started ****
20:23:01.456 [main] INFO  - **** TC_3_19_LoanAmtCalculator_ValidatingLoanTenureTextBox Ended ****
20:23:01.588 [main] INFO  - **** TC_3_20_LoanAmtCalculator_ValidatingLoanTenureSlider Started ****
20:23:02.437 [main] INFO  - **** TC_3_20_LoanAmtCalculator_ValidatingLoanTenureSlider Ended ****
20:23:02.575 [main] INFO  - **** TC_3_21_LoanAmtCalculator_IntegressionTestingForLoanTenureTextBoxAndSlider Started ****
20:23:04.322 [main] INFO  - **** TC_3_21_LoanAmtCalculator_IntegressionTestingForLoanTenureTextBoxAndSlider Ended ****
20:23:04.457 [main] INFO  - **** TC_3_22_LoanAmtCalculator_ValidatingFeesAndChargesTextBox Started ****
20:23:05.138 [main] INFO  - **** TC_3_22_LoanAmtCalculator_ValidatingFeesAndChargesTextBox Ended ****
20:23:05.284 [main] INFO  - **** TC_3_23_LoanAmtCalculator_ValidatingFeesAndChargesSlider Started ****
20:23:06.108 [main] INFO  - **** TC_3_23_LoanAmtCalculator_ValidatingFeesAndChargesSlider Ended ****
20:23:06.236 [main] INFO  - **** TC_3_24_LoanAmtCalculator_IntegressionTestingForFeesAndChargesTextBoxAndSlider Started ****
20:23:08.140 [main] INFO  - **** TC_3_24_LoanAmtCalculator_IntegressionTestingForFeesAndChargesTextBoxAndSlider Ended ****
20:23:08.255 [main] INFO  - **** TC_3_25_LoanTenureCalculator_ValidatingLoanAmountTextBox Started ****
20:23:09.122 [main] INFO  - **** TC_3_25_LoanTenureCalculator_ValidatingLoanAmountTextBox Ended ****
20:23:09.265 [main] INFO  - **** TC_3_26_LoanTenureCalculator_ValidatingLoanAmountSlider Started ****
20:23:10.123 [main] INFO  - **** TC_3_26_LoanTenureCalculator_ValidatingLoanAmountSlider Ended ****
20:23:10.271 [main] INFO  - **** TC_3_27_LoanTenureCalculator_IntegressionTestingForLoanAmountTextBoxAndSlider Started ****
20:23:12.078 [main] INFO  - **** TC_3_27_LoanTenureCalculator_IntegressionTestingForLoanAmountTextBoxAndSlider Ended ****
20:23:12.259 [main] INFO  - **** TC_3_28_LoanTenureCalculator_ValidatingEMITextBox Started ****
20:23:13.042 [main] INFO  - **** TC_3_28_LoanTenureCalculator_ValidatingEMITextBox Ended ****
20:23:13.172 [main] INFO  - **** TC_3_29_LoanTenureCalculator_ValidatingEMISlider Started ****
20:23:13.983 [main] INFO  - **** TC_3_29_LoanTenureCalculator_ValidatingEMISlider Ended ****
20:23:14.132 [main] INFO  - **** TC_3_30_LoanTenureCalculator_IntegressionTestingForEMITextBoxAndSlider Started ****
20:23:15.999 [main] ERROR - TC_3_30 got failed, Integration Testing for EMI Text Box and slider was not successful
20:23:16.151 [main] INFO  - **** TC_3_31_LoanTenureCalculator_ValidatingInterestRateTextBox Started ****
20:23:17.147 [main] INFO  - **** TC_3_31_LoanTenureCalculator_ValidatingInterestRateTextBox Ended ****
20:23:17.309 [main] INFO  - **** TC_3_32_LoanTenureCalculator_ValidatingInterestRateSlider Started ****
20:23:18.234 [main] INFO  - **** TC_3_32_LoanTenureCalculator_ValidatingInterestRateSlider Ended ****
20:23:18.413 [main] INFO  - **** TC_3_33_LoanTenureCalculator_IntegressionTestingForInterestRateTextBoxAndSlider Started ****
20:23:20.027 [main] INFO  - **** TC_3_33_LoanTenureCalculator_IntegressionTestingForInterestRateTextBoxAndSlider Ended ****
20:23:20.206 [main] INFO  - **** TC_3_34_LoanTenureCalculator_ValidatingFeesAndChargesTextBox Started ****
20:23:20.934 [main] INFO  - **** TC_3_34_LoanTenureCalculator_ValidatingFeesAndChargesTextBox Ended ****
20:23:21.081 [main] INFO  - **** TC_3_35_LoanTenureCalculator_ValidatingFeesAndChargesSlider Started ****
20:23:21.909 [main] INFO  - **** TC_3_35_LoanTenureCalculator_ValidatingFeesAndChargesSlider Ended ****
20:23:22.105 [main] INFO  - **** TC_3_36_LoanTenure_CalculatorIntegressionTestingForFeesAndChargesTextBoxAndSlider Started ****
20:23:23.871 [main] INFO  - **** TC_3_36_LoanTenure_CalculatorIntegressionTestingForFeesAndChargesTextBoxAndSlider Ended ****
20:23:24.046 [main] INFO  - **** TC_3_37_IntegrationTestingForYearAndMonthOption Started ****
20:23:25.616 [main] INFO  - **** TC_3_37_IntegrationTestingForYearAndMonthOption Ended ****
10:24:44.536 [main] INFO  - **** TC_1_01_ParsingRequiredValuesToTheRespectiveFields Started ****
10:24:46.382 [main] INFO  - **** TC_1_01_ParsingRequiredValuesToTheRespectiveFields Ended ****
10:24:46.621 [main] INFO  - **** TC_1_02_DisplayingTheEMIPaymentTable Started ****
10:24:49.170 [main] INFO  - **** TC_1_02_DisplayingTheEMIPaymentTable Ended ****
10:24:49.332 [main] INFO  - **** TC_2_01_StoringTheYearTableInTheExcel Started ****
10:24:59.475 [main] INFO  - **** TC_2_01_StoringTheYearTableInTheExcel Ended ****
10:24:59.636 [main] INFO  - **** TC_3_01_EMICalculator_ValidatingLoanAmountTextBox Started ****
10:25:02.009 [main] INFO  - **** TC_3_01_EMICalculator_ValidatingLoanAmountTextBox Ended ****
10:25:02.223 [main] INFO  - **** TC_3_02_EMICalculator_ValidatingLoanAmountSlider Started ****
10:25:03.195 [main] INFO  - **** TC_3_02_EMICalculator_ValidatingLoanAmountSlider Ended ****
10:25:03.379 [main] INFO  - **** TC_3_03_EMICalculator_IntegressionTestingForLoanAmountTextBoxAndSlider Started ****
10:25:05.316 [main] INFO  - **** TC_3_03_EMICalculator_IntegressionTestingForLoanAmountTextBoxAndSlider Ended ****
10:25:05.577 [main] INFO  - **** TC_3_04_EMICalculator_ValidatingInterestRateTextBox Started ****
10:25:06.508 [main] INFO  - **** TC_3_04_EMICalculator_ValidatingInterestRateTextBox Ended ****
10:25:06.673 [main] INFO  - **** TC_3_05_EMICalculator_ValidatingInterestRateSlider Started ****
10:25:07.626 [main] INFO  - **** TC_3_05_EMICalculator_ValidatingInterestRateSlider Ended ****
10:25:07.808 [main] INFO  - **** TC_3_06_EMICalculator_IntegressionTestingForInterestRateTextBoxAndSlider Started ****
10:25:09.980 [main] INFO  - **** TC_3_06_EMICalculator_IntegressionTestingForInterestRateTextBoxAndSlider Ended ****
10:25:10.208 [main] INFO  - **** TC_3_07_EMICalculator_ValidatingLoanTenureTextBox Started ****
10:25:11.205 [main] INFO  - **** TC_3_07_EMICalculator_ValidatingLoanTenureTextBox Ended ****
10:25:11.389 [main] INFO  - **** TC_3_08_EMICalculator_ValidatingLoanTenureSlider Started ****
10:25:12.406 [main] INFO  - **** TC_3_08_EMICalculator_ValidatingLoanTenureSlider Ended ****
10:25:12.622 [main] INFO  - **** TC_3_09_EMICalculator_IntegressionTestingForLoanTenureTextBoxAndSlider Started ****
10:25:14.546 [main] INFO  - **** TC_3_09_EMICalculator_IntegressionTestingForLoanTenureTextBoxAndSlider Ended ****
10:25:14.740 [main] INFO  - **** TC_3_10_EMICalculator_ValidatingFeesAndChargesTextBox Started ****
10:25:15.742 [main] INFO  - **** TC_3_10_EMICalculator_ValidatingFeesAndChargesTextBox Ended ****
10:25:15.944 [main] INFO  - **** TC_3_11_EMICalculator_ValidatingFeesAndChargesSlider Started ****
10:25:17.007 [main] INFO  - **** TC_3_11_EMICalculator_ValidatingFeesAndChargesSlider Ended ****
10:25:17.228 [main] INFO  - **** TC_3_12_EMICalculator_IntegressionTestingForFeesAndChargesTextBoxAndSlider Started ****
10:25:19.174 [main] INFO  - **** TC_3_12_EMICalculator_IntegressionTestingForFeesAndChargesTextBoxAndSlider Ended ****
10:25:19.325 [main] INFO  - **** TC_3_13_LoanAmtCalculator_ValidatingEMITextBox Started ****
10:25:20.624 [main] INFO  - **** TC_3_13_LoanAmtCalculator_ValidatingEMITextBox Ended ****
10:25:20.842 [main] INFO  - **** TC_3_14_LoanAmtCalculator_ValidatingEMISlider Started ****
10:25:22.044 [main] INFO  - **** TC_3_14_LoanAmtCalculator_ValidatingEMISlider Ended ****
10:25:22.244 [main] INFO  - **** TC_3_15_LoanAmtCalculator_IntegressionTestingForEMITextBoxAndSlider Started ****
10:25:24.404 [main] ERROR - TC_3_15 got failed, Integration Testing for EMI Text Box and slider was not successful
10:25:24.620 [main] INFO  - **** TC_3_16_LoanAmtCalculator_ValidatingInterestRateTextBox Started ****
10:25:26.094 [main] INFO  - **** TC_3_16_LoanAmtCalculator_ValidatingInterestRateTextBox Ended ****
10:25:26.279 [main] INFO  - **** TC_3_17_LoanAmtCalculator_ValidatingInterestRateSlider Started ****
10:25:27.384 [main] INFO  - **** TC_3_17_LoanAmtCalculator_ValidatingInterestRateSlider Ended ****
10:25:27.571 [main] INFO  - **** TC_3_18_LoanAmtCalculator_IntegressionTestingForInterestRateTextBoxAndSlider Started ****
10:25:29.788 [main] INFO  - **** TC_3_18_LoanAmtCalculator_IntegressionTestingForInterestRateTextBoxAndSlider Ended ****
10:25:29.988 [main] INFO  - **** TC_3_19_LoanAmtCalculator_ValidatingLoanTenureTextBox Started ****
10:25:31.192 [main] INFO  - **** TC_3_19_LoanAmtCalculator_ValidatingLoanTenureTextBox Ended ****
10:25:31.429 [main] INFO  - **** TC_3_20_LoanAmtCalculator_ValidatingLoanTenureSlider Started ****
10:25:32.936 [main] INFO  - **** TC_3_20_LoanAmtCalculator_ValidatingLoanTenureSlider Ended ****
10:25:33.178 [main] INFO  - **** TC_3_21_LoanAmtCalculator_IntegressionTestingForLoanTenureTextBoxAndSlider Started ****
10:25:35.743 [main] INFO  - **** TC_3_21_LoanAmtCalculator_IntegressionTestingForLoanTenureTextBoxAndSlider Ended ****
10:25:35.962 [main] INFO  - **** TC_3_22_LoanAmtCalculator_ValidatingFeesAndChargesTextBox Started ****
10:25:37.275 [main] INFO  - **** TC_3_22_LoanAmtCalculator_ValidatingFeesAndChargesTextBox Ended ****
10:25:37.508 [main] INFO  - **** TC_3_23_LoanAmtCalculator_ValidatingFeesAndChargesSlider Started ****
10:25:38.898 [main] INFO  - **** TC_3_23_LoanAmtCalculator_ValidatingFeesAndChargesSlider Ended ****
10:25:39.120 [main] INFO  - **** TC_3_24_LoanAmtCalculator_IntegressionTestingForFeesAndChargesTextBoxAndSlider Started ****
10:25:41.538 [main] INFO  - **** TC_3_24_LoanAmtCalculator_IntegressionTestingForFeesAndChargesTextBoxAndSlider Ended ****
10:25:41.735 [main] INFO  - **** TC_3_25_LoanTenureCalculator_ValidatingLoanAmountTextBox Started ****
10:25:43.291 [main] INFO  - **** TC_3_25_LoanTenureCalculator_ValidatingLoanAmountTextBox Ended ****
10:25:43.541 [main] INFO  - **** TC_3_26_LoanTenureCalculator_ValidatingLoanAmountSlider Started ****
10:25:44.944 [main] INFO  - **** TC_3_26_LoanTenureCalculator_ValidatingLoanAmountSlider Ended ****
10:25:45.154 [main] INFO  - **** TC_3_27_LoanTenureCalculator_IntegressionTestingForLoanAmountTextBoxAndSlider Started ****
10:25:57.830 [main] INFO  - **** TC_3_27_LoanTenureCalculator_IntegressionTestingForLoanAmountTextBoxAndSlider Ended ****
10:25:58.226 [main] INFO  - **** TC_3_28_LoanTenureCalculator_ValidatingEMITextBox Started ****
10:25:59.386 [main] INFO  - **** TC_3_28_LoanTenureCalculator_ValidatingEMITextBox Ended ****
10:25:59.563 [main] INFO  - **** TC_3_29_LoanTenureCalculator_ValidatingEMISlider Started ****
10:26:01.494 [main] INFO  - **** TC_3_29_LoanTenureCalculator_ValidatingEMISlider Ended ****
10:26:01.815 [main] INFO  - **** TC_3_30_LoanTenureCalculator_IntegressionTestingForEMITextBoxAndSlider Started ****
10:26:04.129 [main] ERROR - TC_3_30 got failed, Integration Testing for EMI Text Box and slider was not successful
10:26:04.299 [main] INFO  - **** TC_3_31_LoanTenureCalculator_ValidatingInterestRateTextBox Started ****
10:26:06.028 [main] INFO  - **** TC_3_31_LoanTenureCalculator_ValidatingInterestRateTextBox Ended ****
10:26:06.241 [main] INFO  - **** TC_3_32_LoanTenureCalculator_ValidatingInterestRateSlider Started ****
10:26:07.704 [main] INFO  - **** TC_3_32_LoanTenureCalculator_ValidatingInterestRateSlider Ended ****
10:26:07.907 [main] INFO  - **** TC_3_33_LoanTenureCalculator_IntegressionTestingForInterestRateTextBoxAndSlider Started ****
10:26:10.417 [main] INFO  - **** TC_3_33_LoanTenureCalculator_IntegressionTestingForInterestRateTextBoxAndSlider Ended ****
10:26:10.596 [main] INFO  - **** TC_3_34_LoanTenureCalculator_ValidatingFeesAndChargesTextBox Started ****
10:26:11.689 [main] INFO  - **** TC_3_34_LoanTenureCalculator_ValidatingFeesAndChargesTextBox Ended ****
10:26:11.987 [main] INFO  - **** TC_3_35_LoanTenureCalculator_ValidatingFeesAndChargesSlider Started ****
10:26:13.193 [main] INFO  - **** TC_3_35_LoanTenureCalculator_ValidatingFeesAndChargesSlider Ended ****
10:26:13.413 [main] INFO  - **** TC_3_36_LoanTenure_CalculatorIntegressionTestingForFeesAndChargesTextBoxAndSlider Started ****
10:26:16.194 [main] INFO  - **** TC_3_36_LoanTenure_CalculatorIntegressionTestingForFeesAndChargesTextBoxAndSlider Ended ****
10:26:16.376 [main] INFO  - **** TC_3_37_IntegrationTestingForYearAndMonthOption Started ****
10:26:18.602 [main] INFO  - **** TC_3_37_IntegrationTestingForYearAndMonthOption Ended ****
